<?xml version="1.0" encoding="UTF-8"?>
<testsuite name="com.example.project.TestDay4" tests="4" skipped="0" failures="0" errors="0" timestamp="2025-01-02T22:41:54" hostname="codespaces-804be4" time="0.027">
  <properties/>
  <testcase name="testSimulateRaceLongerDuration()" classname="com.example.project.TestDay4" time="0.001"/>
  <testcase name="testSimulateSecondRunning()" classname="com.example.project.TestDay4" time="0.012"/>
  <testcase name="testReindeerCreation()" classname="com.example.project.TestDay4" time="0.001"/>
  <testcase name="testSimulateRaceWithHardcodedReindeers()" classname="com.example.project.TestDay4" time="0.0"/>
  <system-out><![CDATA[]]></system-out>
  <system-err><![CDATA[]]></system-err>
</testsuite>
