<?xml version="1.0" encoding="UTF-8"?>
<testsuite name="com.example.project.TestDay2" tests="1" skipped="0" failures="0" errors="0" timestamp="2025-01-02T22:41:53" hostname="codespaces-804be4" time="0.008">
  <properties/>
  <testcase name="testSortNames()" classname="com.example.project.TestDay2" time="0.008"/>
  <system-out><![CDATA[]]></system-out>
  <system-err><![CDATA[]]></system-err>
</testsuite>
